SF:lib\core\error\failures.dart
DA:2,1
DA:8,2
DA:12,0
DA:16,0
DA:20,0
DA:24,0
DA:28,0
DA:32,0
DA:36,0
DA:40,0
DA:44,0
DA:48,0
DA:52,0
DA:56,0
LF:14
LH:2
end_of_record
SF:lib\features\most_popular_articles\data\models\article.dart
DA:6,0
DA:7,0
DA:10,0
DA:36,0
DA:37,0
DA:40,0
DA:41,0
DA:42,0
DA:43,0
DA:44,0
DA:45,0
DA:46,0
DA:47,0
DA:48,0
DA:49,0
DA:50,0
DA:51,0
DA:52,0
DA:53,0
DA:54,0
DA:60,0
DA:61,0
DA:64,0
DA:65,0
DA:66,0
DA:67,0
DA:70,0
DA:71,0
DA:72,0
DA:73,0
LF:30
LH:0
end_of_record
SF:lib\features\most_popular_articles\domain\use_case\get_articles_use_case.dart
DA:9,0
DA:14,0
DA:15,0
LF:3
LH:0
end_of_record
SF:lib\features\most_popular_articles\domain\use_case\param\param.dart
DA:1,1
DA:4,0
DA:6,0
DA:8,0
DA:10,0
DA:15,0
DA:22,1
DA:27,0
DA:28,0
DA:29,0
DA:30,0
LF:11
LH:2
end_of_record
SF:lib\features\most_popular_articles\presentation\bloc\most_popular_articles_bloc.dart
DA:12,3
DA:13,2
DA:16,1
DA:17,3
DA:20,5
DA:21,2
DA:22,1
DA:23,3
DA:24,1
DA:25,3
DA:27,3
LF:11
LH:11
end_of_record
SF:lib\features\most_popular_articles\presentation\bloc\most_popular_articles_event.dart
DA:7,1
LF:1
LH:1
end_of_record
SF:lib\features\most_popular_articles\presentation\bloc\most_popular_articles_state.dart
DA:4,2
DA:7,1
DA:13,1
DA:17,1
DA:18,1
DA:19,0
DA:23,1
DA:24,3
LF:8
LH:7
end_of_record
SF:lib\features\most_popular_articles\data\models\media.dart
DA:4,0
DA:16,0
DA:17,0
DA:18,0
DA:20,0
DA:25,0
DA:33,0
DA:34,0
DA:35,0
DA:39,0
DA:40,0
DA:43,1
DA:50,0
DA:52,0
DA:54,0
DA:56,0
LF:16
LH:1
end_of_record
